0 info it worked if it ends with ok
1 verbose cli [ 'D:\\Program Files\\nodejs\\node.exe',
1 verbose cli   'C:\\Users\\KTJC\\AppData\\Roaming\\npm\\node_modules\\npm\\bin\\npm-cli.js',
1 verbose cli   'install',
1 verbose cli   'synchronize' ]
2 info using npm@4.0.5
3 info using node@v7.1.0
4 silly loadCurrentTree Starting
5 silly install loadCurrentTree
6 silly install readLocalPackageData
7 silly fetchPackageMetaData synchronize
8 silly fetchNamedPackageData synchronize
9 silly mapToRegistry name synchronize
10 silly mapToRegistry using default registry
11 silly mapToRegistry registry https://registry.npmjs.org/
12 silly mapToRegistry data Result {
12 silly mapToRegistry   raw: 'synchronize',
12 silly mapToRegistry   scope: null,
12 silly mapToRegistry   escapedName: 'synchronize',
12 silly mapToRegistry   name: 'synchronize',
12 silly mapToRegistry   rawSpec: '',
12 silly mapToRegistry   spec: 'latest',
12 silly mapToRegistry   type: 'tag' }
13 silly mapToRegistry uri https://registry.npmjs.org/synchronize
14 verbose request uri https://registry.npmjs.org/synchronize
15 verbose request no auth needed
16 info attempt registry request try #1 at 11:38:32 AM
17 verbose request id 02dc79bc3c0cffac
18 verbose lastModified Sun, 11 Sep 2016 05:56:26 GMT
19 http request GET https://registry.npmjs.org/synchronize
20 http 200 https://registry.npmjs.org/synchronize
21 verbose headers { server: 'nginx/1.10.1',
21 verbose headers   'content-type': 'application/json',
21 verbose headers   'last-modified': 'Sun, 11 Sep 2016 05:56:26 GMT',
21 verbose headers   etag: 'W/"57d4f20a-7f2d"',
21 verbose headers   'content-encoding': 'gzip',
21 verbose headers   'cache-control': 'max-age=300',
21 verbose headers   'content-length': '3637',
21 verbose headers   'accept-ranges': 'bytes',
21 verbose headers   date: 'Sun, 09 Apr 2017 03:38:39 GMT',
21 verbose headers   via: '1.1 varnish',
21 verbose headers   age: '0',
21 verbose headers   connection: 'keep-alive',
21 verbose headers   'x-served-by': 'cache-hkg6820-HKG',
21 verbose headers   'x-cache': 'MISS',
21 verbose headers   'x-cache-hits': '0',
21 verbose headers   'x-timer': 'S1491709119.260798,VS0,VE179',
21 verbose headers   vary: 'Accept-Encoding' }
22 silly get cb [ 200,
22 silly get   { server: 'nginx/1.10.1',
22 silly get     'content-type': 'application/json',
22 silly get     'last-modified': 'Sun, 11 Sep 2016 05:56:26 GMT',
22 silly get     etag: 'W/"57d4f20a-7f2d"',
22 silly get     'content-encoding': 'gzip',
22 silly get     'cache-control': 'max-age=300',
22 silly get     'content-length': '3637',
22 silly get     'accept-ranges': 'bytes',
22 silly get     date: 'Sun, 09 Apr 2017 03:38:39 GMT',
22 silly get     via: '1.1 varnish',
22 silly get     age: '0',
22 silly get     connection: 'keep-alive',
22 silly get     'x-served-by': 'cache-hkg6820-HKG',
22 silly get     'x-cache': 'MISS',
22 silly get     'x-cache-hits': '0',
22 silly get     'x-timer': 'S1491709119.260798,VS0,VE179',
22 silly get     vary: 'Accept-Encoding' } ]
23 verbose get saving synchronize to C:\Users\KTJC\AppData\Roaming\npm-cache\registry.npmjs.org\synchronize\.cache.json
24 verbose correctMkdir C:\Users\KTJC\AppData\Roaming\npm-cache correctMkdir not in flight; initializing
25 silly install normalizeTree
26 silly loadCurrentTree Finishing
27 silly loadIdealTree Starting
28 silly install loadIdealTree
29 silly cloneCurrentTree Starting
30 silly install cloneCurrentTreeToIdealTree
31 silly cloneCurrentTree Finishing
32 silly loadShrinkwrap Starting
33 silly install loadShrinkwrap
34 silly loadShrinkwrap Finishing
35 silly loadAllDepsIntoIdealTree Starting
36 silly install loadAllDepsIntoIdealTree
37 silly resolveWithNewModule synchronize@2.0.0 checking installable status
38 silly cache add args [ 'synchronize', null ]
39 verbose cache add spec synchronize
40 silly cache add parsed spec Result {
40 silly cache add   raw: 'synchronize',
40 silly cache add   scope: null,
40 silly cache add   escapedName: 'synchronize',
40 silly cache add   name: 'synchronize',
40 silly cache add   rawSpec: '',
40 silly cache add   spec: 'latest',
40 silly cache add   type: 'tag' }
41 silly addNamed synchronize@latest
42 verbose addNamed "latest" is being treated as a dist-tag for synchronize
43 info addNameTag [ 'synchronize', 'latest' ]
44 silly mapToRegistry name synchronize
45 silly mapToRegistry using default registry
46 silly mapToRegistry registry https://registry.npmjs.org/
47 silly mapToRegistry data Result {
47 silly mapToRegistry   raw: 'synchronize',
47 silly mapToRegistry   scope: null,
47 silly mapToRegistry   escapedName: 'synchronize',
47 silly mapToRegistry   name: 'synchronize',
47 silly mapToRegistry   rawSpec: '',
47 silly mapToRegistry   spec: 'latest',
47 silly mapToRegistry   type: 'tag' }
48 silly mapToRegistry uri https://registry.npmjs.org/synchronize
49 verbose addNameTag registry:https://registry.npmjs.org/synchronize not in flight; fetching
50 verbose get https://registry.npmjs.org/synchronize not expired, no request
51 silly addNameTag next cb for synchronize with tag latest
52 silly addNamed synchronize@2.0.0
53 verbose addNamed "2.0.0" is a plain semver version for synchronize
54 silly cache afterAdd synchronize@2.0.0
55 verbose afterAdd C:\Users\KTJC\AppData\Roaming\npm-cache\synchronize\2.0.0\package\package.json not in flight; writing
56 verbose correctMkdir C:\Users\KTJC\AppData\Roaming\npm-cache correctMkdir not in flight; initializing
57 verbose afterAdd C:\Users\KTJC\AppData\Roaming\npm-cache\synchronize\2.0.0\package\package.json written
58 silly fetchNamedPackageData fibers
59 silly mapToRegistry name fibers
60 silly mapToRegistry using default registry
61 silly mapToRegistry registry https://registry.npmjs.org/
62 silly mapToRegistry data Result {
62 silly mapToRegistry   raw: 'fibers',
62 silly mapToRegistry   scope: null,
62 silly mapToRegistry   escapedName: 'fibers',
62 silly mapToRegistry   name: 'fibers',
62 silly mapToRegistry   rawSpec: '',
62 silly mapToRegistry   spec: 'latest',
62 silly mapToRegistry   type: 'tag' }
63 silly mapToRegistry uri https://registry.npmjs.org/fibers
64 verbose request uri https://registry.npmjs.org/fibers
65 verbose request no auth needed
66 info attempt registry request try #1 at 11:38:34 AM
67 verbose etag W/"58a62b74-fef6"
68 verbose lastModified Thu, 16 Feb 2017 22:45:08 GMT
69 http request GET https://registry.npmjs.org/fibers
70 http 200 https://registry.npmjs.org/fibers
71 verbose headers { server: 'nginx/1.4.6 (Ubuntu)',
71 verbose headers   'content-type': 'application/json',
71 verbose headers   'last-modified': 'Thu, 16 Feb 2017 22:45:08 GMT',
71 verbose headers   'content-encoding': 'gzip',
71 verbose headers   'cache-control': 'max-age=300',
71 verbose headers   'content-length': '11612',
71 verbose headers   'accept-ranges': 'bytes',
71 verbose headers   date: 'Sun, 09 Apr 2017 03:38:40 GMT',
71 verbose headers   via: '1.1 varnish',
71 verbose headers   age: '0',
71 verbose headers   connection: 'keep-alive',
71 verbose headers   'x-served-by': 'cache-hkg6820-HKG',
71 verbose headers   'x-cache': 'MISS',
71 verbose headers   'x-cache-hits': '0',
71 verbose headers   'x-timer': 'S1491709120.351511,VS0,VE178',
71 verbose headers   vary: 'Accept-Encoding' }
72 silly get cb [ 200,
72 silly get   { server: 'nginx/1.4.6 (Ubuntu)',
72 silly get     'content-type': 'application/json',
72 silly get     'last-modified': 'Thu, 16 Feb 2017 22:45:08 GMT',
72 silly get     'content-encoding': 'gzip',
72 silly get     'cache-control': 'max-age=300',
72 silly get     'content-length': '11612',
72 silly get     'accept-ranges': 'bytes',
72 silly get     date: 'Sun, 09 Apr 2017 03:38:40 GMT',
72 silly get     via: '1.1 varnish',
72 silly get     age: '0',
72 silly get     connection: 'keep-alive',
72 silly get     'x-served-by': 'cache-hkg6820-HKG',
72 silly get     'x-cache': 'MISS',
72 silly get     'x-cache-hits': '0',
72 silly get     'x-timer': 'S1491709120.351511,VS0,VE178',
72 silly get     vary: 'Accept-Encoding' } ]
73 verbose get saving fibers to C:\Users\KTJC\AppData\Roaming\npm-cache\registry.npmjs.org\fibers\.cache.json
74 verbose correctMkdir C:\Users\KTJC\AppData\Roaming\npm-cache correctMkdir not in flight; initializing
75 silly resolveWithNewModule fibers@1.0.15 checking installable status
76 silly cache add args [ 'fibers@1.0.x', null ]
77 verbose cache add spec fibers@1.0.x
78 silly cache add parsed spec Result {
78 silly cache add   raw: 'fibers@1.0.x',
78 silly cache add   scope: null,
78 silly cache add   escapedName: 'fibers',
78 silly cache add   name: 'fibers',
78 silly cache add   rawSpec: '1.0.x',
78 silly cache add   spec: '>=1.0.0 <1.1.0',
78 silly cache add   type: 'range' }
79 silly addNamed fibers@>=1.0.0 <1.1.0
80 verbose addNamed ">=1.0.0 <1.1.0" is a valid semver range for fibers
81 silly addNameRange { name: 'fibers', range: '>=1.0.0 <1.1.0', hasData: false }
82 silly mapToRegistry name fibers
83 silly mapToRegistry using default registry
84 silly mapToRegistry registry https://registry.npmjs.org/
85 silly mapToRegistry data Result {
85 silly mapToRegistry   raw: 'fibers',
85 silly mapToRegistry   scope: null,
85 silly mapToRegistry   escapedName: 'fibers',
85 silly mapToRegistry   name: 'fibers',
85 silly mapToRegistry   rawSpec: '',
85 silly mapToRegistry   spec: 'latest',
85 silly mapToRegistry   type: 'tag' }
86 silly mapToRegistry uri https://registry.npmjs.org/fibers
87 verbose addNameRange registry:https://registry.npmjs.org/fibers not in flight; fetching
88 verbose get https://registry.npmjs.org/fibers not expired, no request
89 silly addNameRange number 2 { name: 'fibers', range: '>=1.0.0 <1.1.0', hasData: true }
90 silly addNameRange versions [ 'fibers',
90 silly addNameRange   [ '0.1.0',
90 silly addNameRange     '0.1.1',
90 silly addNameRange     '0.1.2',
90 silly addNameRange     '0.1.3',
90 silly addNameRange     '0.1.4',
90 silly addNameRange     '0.1.6',
90 silly addNameRange     '0.1.7',
90 silly addNameRange     '0.1.8',
90 silly addNameRange     '0.2.0',
90 silly addNameRange     '0.2.1',
90 silly addNameRange     '0.2.2',
90 silly addNameRange     '0.2.3',
90 silly addNameRange     '0.2.4',
90 silly addNameRange     '0.2.5',
90 silly addNameRange     '0.2.6',
90 silly addNameRange     '0.5.0',
90 silly addNameRange     '0.6.0',
90 silly addNameRange     '0.5.1',
90 silly addNameRange     '0.6.1',
90 silly addNameRange     '0.6.2',
90 silly addNameRange     '0.6.3',
90 silly addNameRange     '0.6.4',
90 silly addNameRange     '0.6.5',
90 silly addNameRange     '0.6.6',
90 silly addNameRange     '0.6.7',
90 silly addNameRange     '0.6.8',
90 silly addNameRange     '0.6.9',
90 silly addNameRange     '1.0.0',
90 silly addNameRange     '1.0.1',
90 silly addNameRange     '1.0.2',
90 silly addNameRange     '1.0.4',
90 silly addNameRange     '1.0.5',
90 silly addNameRange     '1.0.6-b',
90 silly addNameRange     '1.0.7',
90 silly addNameRange     '1.0.8',
90 silly addNameRange     '1.0.9',
90 silly addNameRange     '1.0.10',
90 silly addNameRange     '1.0.11',
90 silly addNameRange     '1.0.12',
90 silly addNameRange     '1.0.13',
90 silly addNameRange     '1.0.14',
90 silly addNameRange     '1.0.15' ] ]
91 silly addNamed fibers@1.0.15
92 verbose addNamed "1.0.15" is a plain semver version for fibers
93 silly cache afterAdd fibers@1.0.15
94 verbose afterAdd C:\Users\KTJC\AppData\Roaming\npm-cache\fibers\1.0.15\package\package.json not in flight; writing
95 verbose correctMkdir C:\Users\KTJC\AppData\Roaming\npm-cache correctMkdir not in flight; initializing
96 verbose afterAdd C:\Users\KTJC\AppData\Roaming\npm-cache\fibers\1.0.15\package\package.json written
97 silly loadAllDepsIntoIdealTree Finishing
98 silly loadIdealTree Finishing
99 silly currentTree 2p-online-chess@1.0.0
99 silly currentTree +-- accepts@1.3.3
99 silly currentTree +-- after@0.8.2
99 silly currentTree +-- array-flatten@1.1.1
99 silly currentTree +-- arraybuffer.slice@0.0.6
99 silly currentTree +-- backo2@1.0.2
99 silly currentTree +-- base64-arraybuffer@0.1.5
99 silly currentTree +-- base64id@1.0.0
99 silly currentTree +-- better-assert@1.0.2
99 silly currentTree +-- bignumber.js@3.1.2
99 silly currentTree +-- blob@0.0.4
99 silly currentTree +-- callsite@1.0.0
99 silly currentTree +-- component-bind@1.0.0
99 silly currentTree +-- component-emitter@1.1.2
99 silly currentTree +-- component-inherit@0.0.3
99 silly currentTree +-- content-disposition@0.5.2
99 silly currentTree +-- content-type@1.0.2
99 silly currentTree +-- cookie-signature@1.0.6
99 silly currentTree +-- cookie@0.3.1
99 silly currentTree +-- core-util-is@1.0.2
99 silly currentTree +-- debug@2.6.1
99 silly currentTree +-- depd@1.1.0
99 silly currentTree +-- destroy@1.0.4
99 silly currentTree +-- ee-first@1.1.1
99 silly currentTree +-- encodeurl@1.0.1
99 silly currentTree +-- engine.io-client@1.8.3
99 silly currentTree | +-- component-emitter@1.2.1
99 silly currentTree | `-- debug@2.3.3
99 silly currentTree +-- engine.io-parser@1.3.2
99 silly currentTree +-- engine.io@1.8.3
99 silly currentTree | `-- debug@2.3.3
99 silly currentTree +-- escape-html@1.0.3
99 silly currentTree +-- etag@1.8.0
99 silly currentTree +-- express@4.15.2
99 silly currentTree +-- finalhandler@1.0.1
99 silly currentTree | `-- debug@2.6.3
99 silly currentTree +-- forwarded@0.1.0
99 silly currentTree +-- fresh@0.5.0
99 silly currentTree +-- has-binary@0.1.7
99 silly currentTree +-- has-cors@1.1.0
99 silly currentTree +-- http-errors@1.6.1
99 silly currentTree +-- indexof@0.0.1
99 silly currentTree +-- inherits@2.0.3
99 silly currentTree +-- ipaddr.js@1.3.0
99 silly currentTree +-- isarray@0.0.1
99 silly currentTree +-- jquery.scrollto@2.1.2
99 silly currentTree +-- jquery@3.2.1
99 silly currentTree +-- json3@3.3.2
99 silly currentTree +-- media-typer@0.3.0
99 silly currentTree +-- merge-descriptors@1.0.1
99 silly currentTree +-- methods@1.1.2
99 silly currentTree +-- mime-db@1.27.0
99 silly currentTree +-- mime-types@2.1.15
99 silly currentTree +-- mime@1.3.4
99 silly currentTree +-- ms@0.7.2
99 silly currentTree +-- mysql@2.13.0
99 silly currentTree +-- negotiator@0.6.1
99 silly currentTree +-- object-assign@4.1.0
99 silly currentTree +-- object-component@0.0.3
99 silly currentTree +-- on-finished@2.3.0
99 silly currentTree +-- options@0.0.6
99 silly currentTree +-- parsejson@0.0.3
99 silly currentTree +-- parseqs@0.0.5
99 silly currentTree +-- parseuri@0.0.5
99 silly currentTree +-- parseurl@1.3.1
99 silly currentTree +-- password-hash-and-salt@0.1.4
99 silly currentTree +-- path-to-regexp@0.1.7
99 silly currentTree +-- proxy-addr@1.1.4
99 silly currentTree +-- qs@6.4.0
99 silly currentTree +-- range-parser@1.2.0
99 silly currentTree +-- readable-stream@1.1.14
99 silly currentTree +-- send@0.15.1
99 silly currentTree +-- serve-static@1.12.1
99 silly currentTree +-- setprototypeof@1.0.3
99 silly currentTree +-- socket.io-adapter@0.5.0
99 silly currentTree | `-- debug@2.3.3
99 silly currentTree +-- socket.io-client@1.7.3
99 silly currentTree | +-- component-emitter@1.2.1
99 silly currentTree | `-- debug@2.3.3
99 silly currentTree +-- socket.io-parser@2.3.1
99 silly currentTree | +-- debug@2.2.0
99 silly currentTree | `-- ms@0.7.1
99 silly currentTree +-- socket.io@1.7.3
99 silly currentTree | `-- debug@2.3.3
99 silly currentTree +-- sqlstring@2.2.0
99 silly currentTree +-- statuses@1.3.1
99 silly currentTree +-- string_decoder@0.10.31
99 silly currentTree +-- to-array@0.1.4
99 silly currentTree +-- type-is@1.6.15
99 silly currentTree +-- ultron@1.0.2
99 silly currentTree +-- unpipe@1.0.0
99 silly currentTree +-- utils-merge@1.0.0
99 silly currentTree +-- vary@1.1.1
99 silly currentTree +-- ws@1.1.2
99 silly currentTree +-- wtf-8@1.0.0
99 silly currentTree +-- xmlhttprequest-ssl@1.5.3
99 silly currentTree `-- yeast@0.1.2
100 silly idealTree 2p-online-chess@1.0.0
100 silly idealTree +-- accepts@1.3.3
100 silly idealTree +-- after@0.8.2
100 silly idealTree +-- array-flatten@1.1.1
100 silly idealTree +-- arraybuffer.slice@0.0.6
100 silly idealTree +-- backo2@1.0.2
100 silly idealTree +-- base64-arraybuffer@0.1.5
100 silly idealTree +-- base64id@1.0.0
100 silly idealTree +-- better-assert@1.0.2
100 silly idealTree +-- bignumber.js@3.1.2
100 silly idealTree +-- blob@0.0.4
100 silly idealTree +-- callsite@1.0.0
100 silly idealTree +-- component-bind@1.0.0
100 silly idealTree +-- component-emitter@1.1.2
100 silly idealTree +-- component-inherit@0.0.3
100 silly idealTree +-- content-disposition@0.5.2
100 silly idealTree +-- content-type@1.0.2
100 silly idealTree +-- cookie-signature@1.0.6
100 silly idealTree +-- cookie@0.3.1
100 silly idealTree +-- core-util-is@1.0.2
100 silly idealTree +-- debug@2.6.1
100 silly idealTree +-- depd@1.1.0
100 silly idealTree +-- destroy@1.0.4
100 silly idealTree +-- ee-first@1.1.1
100 silly idealTree +-- encodeurl@1.0.1
100 silly idealTree +-- engine.io-client@1.8.3
100 silly idealTree | +-- component-emitter@1.2.1
100 silly idealTree | `-- debug@2.3.3
100 silly idealTree +-- engine.io-parser@1.3.2
100 silly idealTree +-- engine.io@1.8.3
100 silly idealTree | `-- debug@2.3.3
100 silly idealTree +-- escape-html@1.0.3
100 silly idealTree +-- etag@1.8.0
100 silly idealTree +-- express@4.15.2
100 silly idealTree +-- fibers@1.0.15
100 silly idealTree +-- finalhandler@1.0.1
100 silly idealTree | `-- debug@2.6.3
100 silly idealTree +-- forwarded@0.1.0
100 silly idealTree +-- fresh@0.5.0
100 silly idealTree +-- has-binary@0.1.7
100 silly idealTree +-- has-cors@1.1.0
100 silly idealTree +-- http-errors@1.6.1
100 silly idealTree +-- indexof@0.0.1
100 silly idealTree +-- inherits@2.0.3
100 silly idealTree +-- ipaddr.js@1.3.0
100 silly idealTree +-- isarray@0.0.1
100 silly idealTree +-- jquery.scrollto@2.1.2
100 silly idealTree +-- jquery@3.2.1
100 silly idealTree +-- json3@3.3.2
100 silly idealTree +-- media-typer@0.3.0
100 silly idealTree +-- merge-descriptors@1.0.1
100 silly idealTree +-- methods@1.1.2
100 silly idealTree +-- mime-db@1.27.0
100 silly idealTree +-- mime-types@2.1.15
100 silly idealTree +-- mime@1.3.4
100 silly idealTree +-- ms@0.7.2
100 silly idealTree +-- mysql@2.13.0
100 silly idealTree +-- negotiator@0.6.1
100 silly idealTree +-- object-assign@4.1.0
100 silly idealTree +-- object-component@0.0.3
100 silly idealTree +-- on-finished@2.3.0
100 silly idealTree +-- options@0.0.6
100 silly idealTree +-- parsejson@0.0.3
100 silly idealTree +-- parseqs@0.0.5
100 silly idealTree +-- parseuri@0.0.5
100 silly idealTree +-- parseurl@1.3.1
100 silly idealTree +-- password-hash-and-salt@0.1.4
100 silly idealTree +-- path-to-regexp@0.1.7
100 silly idealTree +-- proxy-addr@1.1.4
100 silly idealTree +-- qs@6.4.0
100 silly idealTree +-- range-parser@1.2.0
100 silly idealTree +-- readable-stream@1.1.14
100 silly idealTree +-- send@0.15.1
100 silly idealTree +-- serve-static@1.12.1
100 silly idealTree +-- setprototypeof@1.0.3
100 silly idealTree +-- socket.io-adapter@0.5.0
100 silly idealTree | `-- debug@2.3.3
100 silly idealTree +-- socket.io-client@1.7.3
100 silly idealTree | +-- component-emitter@1.2.1
100 silly idealTree | `-- debug@2.3.3
100 silly idealTree +-- socket.io-parser@2.3.1
100 silly idealTree | +-- debug@2.2.0
100 silly idealTree | `-- ms@0.7.1
100 silly idealTree +-- socket.io@1.7.3
100 silly idealTree | `-- debug@2.3.3
100 silly idealTree +-- sqlstring@2.2.0
100 silly idealTree +-- statuses@1.3.1
100 silly idealTree +-- string_decoder@0.10.31
100 silly idealTree +-- synchronize@2.0.0
100 silly idealTree +-- to-array@0.1.4
100 silly idealTree +-- type-is@1.6.15
100 silly idealTree +-- ultron@1.0.2
100 silly idealTree +-- unpipe@1.0.0
100 silly idealTree +-- utils-merge@1.0.0
100 silly idealTree +-- vary@1.1.1
100 silly idealTree +-- ws@1.1.2
100 silly idealTree +-- wtf-8@1.0.0
100 silly idealTree +-- xmlhttprequest-ssl@1.5.3
100 silly idealTree `-- yeast@0.1.2
101 silly generateActionsToTake Starting
102 silly install generateActionsToTake
103 silly generateActionsToTake Finishing
104 silly diffTrees action count 2
105 silly diffTrees add fibers@1.0.15
106 silly diffTrees add synchronize@2.0.0
107 silly decomposeActions action count 16
108 silly decomposeActions fetch fibers@1.0.15
109 silly decomposeActions extract fibers@1.0.15
110 silly decomposeActions test fibers@1.0.15
111 silly decomposeActions preinstall fibers@1.0.15
112 silly decomposeActions build fibers@1.0.15
113 silly decomposeActions install fibers@1.0.15
114 silly decomposeActions postinstall fibers@1.0.15
115 silly decomposeActions finalize fibers@1.0.15
116 silly decomposeActions fetch synchronize@2.0.0
117 silly decomposeActions extract synchronize@2.0.0
118 silly decomposeActions test synchronize@2.0.0
119 silly decomposeActions preinstall synchronize@2.0.0
120 silly decomposeActions build synchronize@2.0.0
121 silly decomposeActions install synchronize@2.0.0
122 silly decomposeActions postinstall synchronize@2.0.0
123 silly decomposeActions finalize synchronize@2.0.0
124 silly runTopLevelLifecycles Starting
125 silly executeActions Starting
126 silly install executeActions
127 silly doSerial global-install 0
128 silly doParallel fetch 2
129 verbose correctMkdir C:\Users\KTJC\AppData\Roaming\npm-cache\_locks correctMkdir not in flight; initializing
130 verbose lock using C:\Users\KTJC\AppData\Roaming\npm-cache\_locks\staging-0c6890618b212caf.lock for D:\Dropbox\ISU Stuff\chat-example\node_modules\.staging
131 silly doParallel extract 2
132 silly extract fibers@1.0.15
133 silly extract synchronize@2.0.0
134 verbose unbuild node_modules\.staging\fibers-ded13732
135 verbose unbuild node_modules\.staging\synchronize-acfb6f31
136 silly gentlyRm D:\Dropbox\ISU Stuff\chat-example\node_modules\.staging\fibers-ded13732 is being purged from base D:\Dropbox\ISU Stuff\chat-example
137 verbose gentlyRm don't care about contents; nuking D:\Dropbox\ISU Stuff\chat-example\node_modules\.staging\fibers-ded13732
138 silly gentlyRm D:\Dropbox\ISU Stuff\chat-example\node_modules\.staging\synchronize-acfb6f31 is being purged from base D:\Dropbox\ISU Stuff\chat-example
139 verbose gentlyRm don't care about contents; nuking D:\Dropbox\ISU Stuff\chat-example\node_modules\.staging\synchronize-acfb6f31
140 verbose tar unpack C:\Users\KTJC\AppData\Roaming\npm-cache\fibers\1.0.15\package.tgz
141 verbose tar unpacking to D:\Dropbox\ISU Stuff\chat-example\node_modules\.staging\fibers-ded13732
142 silly gentlyRm D:\Dropbox\ISU Stuff\chat-example\node_modules\.staging\fibers-ded13732 is being purged
143 verbose gentlyRm don't care about contents; nuking D:\Dropbox\ISU Stuff\chat-example\node_modules\.staging\fibers-ded13732
144 verbose tar unpack C:\Users\KTJC\AppData\Roaming\npm-cache\synchronize\2.0.0\package.tgz
145 verbose tar unpacking to D:\Dropbox\ISU Stuff\chat-example\node_modules\.staging\synchronize-acfb6f31
146 silly gentlyRm D:\Dropbox\ISU Stuff\chat-example\node_modules\.staging\synchronize-acfb6f31 is being purged
147 verbose gentlyRm don't care about contents; nuking D:\Dropbox\ISU Stuff\chat-example\node_modules\.staging\synchronize-acfb6f31
148 silly gunzTarPerm modes [ '777', '666' ]
149 silly gunzTarPerm modes [ '777', '666' ]
150 silly gunzTarPerm extractEntry package.json
151 silly gunzTarPerm modified mode [ 'package.json', 420, 438 ]
152 silly gunzTarPerm extractEntry package.json
153 silly gunzTarPerm modified mode [ 'package.json', 420, 438 ]
154 silly gunzTarPerm extractEntry .npmignore
155 silly gunzTarPerm modified mode [ '.npmignore', 420, 438 ]
156 silly gunzTarPerm extractEntry README.md
157 silly gunzTarPerm modified mode [ 'README.md', 420, 438 ]
158 silly gunzTarPerm extractEntry .npmignore
159 silly gunzTarPerm modified mode [ '.npmignore', 420, 438 ]
160 silly gunzTarPerm extractEntry sync.js
161 silly gunzTarPerm modified mode [ 'sync.js', 420, 438 ]
162 silly gunzTarPerm extractEntry index.html
163 silly gunzTarPerm modified mode [ 'index.html', 420, 438 ]
164 silly gunzTarPerm extractEntry examples/basic.js
165 silly gunzTarPerm modified mode [ 'examples/basic.js', 420, 438 ]
166 silly gunzTarPerm extractEntry LICENSE
167 silly gunzTarPerm modified mode [ 'LICENSE', 420, 438 ]
168 silly gunzTarPerm extractEntry quick-test.js
169 silly gunzTarPerm modified mode [ 'quick-test.js', 420, 438 ]
170 silly gunzTarPerm extractEntry future.js
171 silly gunzTarPerm modified mode [ 'future.js', 420, 438 ]
172 silly gunzTarPerm extractEntry fibers.js
173 silly gunzTarPerm modified mode [ 'fibers.js', 420, 438 ]
174 silly gunzTarPerm extractEntry examples/express.js
175 silly gunzTarPerm modified mode [ 'examples/express.js', 420, 438 ]
176 silly gunzTarPerm extractEntry examples/list.js
177 silly gunzTarPerm modified mode [ 'examples/list.js', 420, 438 ]
178 silly gunzTarPerm extractEntry examples/listAsync.js
179 silly gunzTarPerm modified mode [ 'examples/listAsync.js', 420, 438 ]
180 silly gunzTarPerm extractEntry test.js
181 silly gunzTarPerm modified mode [ 'test.js', 493, 511 ]
182 silly gunzTarPerm extractEntry build.js
183 silly gunzTarPerm modified mode [ 'build.js', 493, 511 ]
184 silly gunzTarPerm extractEntry examples/mocha.js
185 silly gunzTarPerm modified mode [ 'examples/mocha.js', 420, 438 ]
186 silly gunzTarPerm extractEntry .travis.yml
187 silly gunzTarPerm modified mode [ '.travis.yml', 420, 438 ]
188 silly gunzTarPerm extractEntry .travis.yml
189 silly gunzTarPerm modified mode [ '.travis.yml', 420, 438 ]
190 silly gunzTarPerm extractEntry binding.gyp
191 silly gunzTarPerm modified mode [ 'binding.gyp', 420, 438 ]
192 silly gunzTarPerm extractEntry bin/.npmignore
193 silly gunzTarPerm modified mode [ 'bin/.npmignore', 420, 438 ]
194 silly gunzTarPerm extractEntry bin/win32-x64-48/fibers.node
195 silly gunzTarPerm modified mode [ 'bin/win32-x64-48/fibers.node', 420, 438 ]
196 silly gunzTarPerm extractEntry docs/assets/bootstrap/css/bootstrap.css
197 silly gunzTarPerm modified mode [ 'docs/assets/bootstrap/css/bootstrap.css', 420, 438 ]
198 silly gunzTarPerm extractEntry docs/assets/bootstrap/img/glyphicons-halflings-white.png
199 silly gunzTarPerm modified mode [ 'docs/assets/bootstrap/img/glyphicons-halflings-white.png',
199 silly gunzTarPerm   420,
199 silly gunzTarPerm   438 ]
200 silly gunzTarPerm extractEntry docs/assets/bootstrap/img/glyphicons-halflings.png
201 silly gunzTarPerm modified mode [ 'docs/assets/bootstrap/img/glyphicons-halflings.png',
201 silly gunzTarPerm   420,
201 silly gunzTarPerm   438 ]
202 silly gunzTarPerm extractEntry docs/assets/bootstrap/js/bootstrap.js
203 silly gunzTarPerm modified mode [ 'docs/assets/bootstrap/js/bootstrap.js', 420, 438 ]
204 silly gunzTarPerm extractEntry bin/darwin-ia32-48/fibers.node
205 silly gunzTarPerm modified mode [ 'bin/darwin-ia32-48/fibers.node', 493, 511 ]
206 silly gunzTarPerm extractEntry docs/assets/google-code-prettify/prettify.js
207 silly gunzTarPerm modified mode [ 'docs/assets/google-code-prettify/prettify.js', 420, 438 ]
208 silly gunzTarPerm extractEntry docs/assets/google-code-prettify/prettify.css
209 silly gunzTarPerm modified mode [ 'docs/assets/google-code-prettify/prettify.css', 420, 438 ]
210 silly gunzTarPerm extractEntry bin/darwin-x64-46/fibers.node
211 silly gunzTarPerm modified mode [ 'bin/darwin-x64-46/fibers.node', 493, 511 ]
212 silly gunzTarPerm extractEntry bin/darwin-x64-48/fibers.node
213 silly gunzTarPerm modified mode [ 'bin/darwin-x64-48/fibers.node', 493, 511 ]
214 silly gunzTarPerm extractEntry docs/assets/style.css
215 silly gunzTarPerm modified mode [ 'docs/assets/style.css', 420, 438 ]
216 silly gunzTarPerm extractEntry docs/index.html
217 silly gunzTarPerm modified mode [ 'docs/index.html', 420, 438 ]
218 silly gunzTarPerm extractEntry bin/linux-ia32-46/fibers.node
219 silly gunzTarPerm modified mode [ 'bin/linux-ia32-46/fibers.node', 493, 511 ]
220 silly gunzTarPerm extractEntry bin/linux-ia32-48/fibers.node
221 silly gunzTarPerm modified mode [ 'bin/linux-ia32-48/fibers.node', 493, 511 ]
222 silly gunzTarPerm extractEntry readme.md
223 silly gunzTarPerm modified mode [ 'readme.md', 420, 438 ]
224 silly gunzTarPerm extractEntry test/sync.js
225 silly gunzTarPerm modified mode [ 'test/sync.js', 420, 438 ]
226 silly gunzTarPerm extractEntry bin/darwin-ia32-46/fibers.node
227 silly gunzTarPerm modified mode [ 'bin/darwin-ia32-46/fibers.node', 493, 511 ]
228 silly gunzTarPerm extractEntry bin/linux-x64-48/fibers.node
229 silly gunzTarPerm modified mode [ 'bin/linux-x64-48/fibers.node', 493, 511 ]
230 silly gunzTarPerm extractEntry bin/repl
231 silly gunzTarPerm modified mode [ 'bin/repl', 493, 511 ]
232 silly gunzTarPerm extractEntry bin/win32-ia32-46/fibers.node
233 silly gunzTarPerm modified mode [ 'bin/win32-ia32-46/fibers.node', 420, 438 ]
234 silly gunzTarPerm extractEntry bin/win32-ia32-48/fibers.node
235 silly gunzTarPerm modified mode [ 'bin/win32-ia32-48/fibers.node', 420, 438 ]
236 silly gunzTarPerm extractEntry bin/win32-x64-46/fibers.node
237 silly gunzTarPerm modified mode [ 'bin/win32-x64-46/fibers.node', 420, 438 ]
238 silly gunzTarPerm extractEntry bin/linux-x64-46/fibers.node
239 silly gunzTarPerm modified mode [ 'bin/linux-x64-46/fibers.node', 493, 511 ]
240 silly gunzTarPerm extractEntry src/coroutine.cc
241 silly gunzTarPerm modified mode [ 'src/coroutine.cc', 420, 438 ]
242 silly gunzTarPerm extractEntry src/coroutine.h
243 silly gunzTarPerm modified mode [ 'src/coroutine.h', 420, 438 ]
244 silly gunzTarPerm extractEntry src/fibers.cc
245 silly gunzTarPerm modified mode [ 'src/fibers.cc', 420, 438 ]
246 silly gunzTarPerm extractEntry src/libcoro/README
247 silly gunzTarPerm modified mode [ 'src/libcoro/README', 420, 438 ]
248 silly gunzTarPerm extractEntry src/libcoro/LICENSE
249 silly gunzTarPerm modified mode [ 'src/libcoro/LICENSE', 420, 438 ]
250 silly gunzTarPerm extractEntry src/libcoro/conftest.c
251 silly gunzTarPerm modified mode [ 'src/libcoro/conftest.c', 420, 438 ]
252 silly gunzTarPerm extractEntry src/libcoro/coro.c
253 silly gunzTarPerm modified mode [ 'src/libcoro/coro.c', 420, 438 ]
254 silly gunzTarPerm extractEntry src/libcoro/coro.h
255 silly gunzTarPerm modified mode [ 'src/libcoro/coro.h', 420, 438 ]
256 silly gunzTarPerm extractEntry src/v8-version.h
257 silly gunzTarPerm modified mode [ 'src/v8-version.h', 420, 438 ]
258 silly gunzTarPerm extractEntry test/already-running.js
259 silly gunzTarPerm modified mode [ 'test/already-running.js', 420, 438 ]
260 silly gunzTarPerm extractEntry test/exit.js
261 silly gunzTarPerm modified mode [ 'test/exit.js', 420, 438 ]
262 silly gunzTarPerm extractEntry test/fibonacci.js
263 silly gunzTarPerm modified mode [ 'test/fibonacci.js', 420, 438 ]
264 silly gunzTarPerm extractEntry test/finish-multiple.js
265 silly gunzTarPerm modified mode [ 'test/finish-multiple.js', 420, 438 ]
266 silly gunzTarPerm extractEntry test/exec.js
267 silly gunzTarPerm modified mode [ 'test/exec.js', 420, 438 ]
268 silly gunzTarPerm extractEntry test/future.js
269 silly gunzTarPerm modified mode [ 'test/future.js', 420, 438 ]
270 silly gunzTarPerm extractEntry test/illegal-yield.js
271 silly gunzTarPerm modified mode [ 'test/illegal-yield.js', 420, 438 ]
272 silly gunzTarPerm extractEntry test/pool.js
273 silly gunzTarPerm modified mode [ 'test/pool.js', 420, 438 ]
274 silly gentlyRm D:\Dropbox\ISU Stuff\chat-example\node_modules\.staging\synchronize-acfb6f31\node_modules is being purged
275 verbose gentlyRm don't care about contents; nuking D:\Dropbox\ISU Stuff\chat-example\node_modules\.staging\synchronize-acfb6f31\node_modules
276 silly gunzTarPerm extractEntry test/process-title.js
277 silly gunzTarPerm modified mode [ 'test/process-title.js', 420, 438 ]
278 silly gunzTarPerm extractEntry test/stack-overflow.js
279 silly gunzTarPerm modified mode [ 'test/stack-overflow.js', 420, 438 ]
280 silly gunzTarPerm extractEntry test/current.js
281 silly gunzTarPerm modified mode [ 'test/current.js', 420, 438 ]
282 silly gunzTarPerm extractEntry test/stack-overflow2.js
283 silly gunzTarPerm modified mode [ 'test/stack-overflow2.js', 493, 511 ]
284 silly gunzTarPerm extractEntry test/child-process.js
285 silly gunzTarPerm modified mode [ 'test/child-process.js', 420, 438 ]
286 silly gunzTarPerm extractEntry test/started.js
287 silly gunzTarPerm modified mode [ 'test/started.js', 420, 438 ]
288 silly gunzTarPerm extractEntry test/bad-context.js
289 silly gunzTarPerm modified mode [ 'test/bad-context.js', 420, 438 ]
290 silly gunzTarPerm extractEntry test/unwind.js
291 silly gunzTarPerm modified mode [ 'test/unwind.js', 420, 438 ]
292 silly gunzTarPerm extractEntry test/future-exception.js
293 silly gunzTarPerm modified mode [ 'test/future-exception.js', 420, 438 ]
294 silly gentlyRm D:\Dropbox\ISU Stuff\chat-example\node_modules\.staging\fibers-ded13732\node_modules is being purged
295 verbose gentlyRm don't care about contents; nuking D:\Dropbox\ISU Stuff\chat-example\node_modules\.staging\fibers-ded13732\node_modules
296 silly doParallel preinstall 2
297 silly preinstall fibers@1.0.15
298 info lifecycle fibers@1.0.15~preinstall: fibers@1.0.15
299 silly preinstall synchronize@2.0.0
300 info lifecycle synchronize@2.0.0~preinstall: synchronize@2.0.0
301 silly lifecycle fibers@1.0.15~preinstall: no script for preinstall, continuing
302 silly lifecycle synchronize@2.0.0~preinstall: no script for preinstall, continuing
303 silly doReverseSerial remove 0
304 silly doSerial move 0
305 silly doSerial finalize 2
306 silly finalize D:\Dropbox\ISU Stuff\chat-example\node_modules\fibers
307 silly finalize D:\Dropbox\ISU Stuff\chat-example\node_modules\synchronize
308 silly doSerial build 2
309 silly build fibers@1.0.15
310 info linkStuff fibers@1.0.15
311 silly linkStuff fibers@1.0.15 has D:\Dropbox\ISU Stuff\chat-example\node_modules as its parent node_modules
312 verbose linkBins fibers@1.0.15
313 verbose linkMans fibers@1.0.15
314 silly build synchronize@2.0.0
315 info linkStuff synchronize@2.0.0
316 silly linkStuff synchronize@2.0.0 has D:\Dropbox\ISU Stuff\chat-example\node_modules as its parent node_modules
317 verbose linkBins synchronize@2.0.0
318 verbose linkMans synchronize@2.0.0
319 silly doSerial global-link 0
320 silly doParallel update-linked 0
321 silly doSerial install 2
322 silly install fibers@1.0.15
323 info lifecycle fibers@1.0.15~install: fibers@1.0.15
324 verbose lifecycle fibers@1.0.15~install: unsafe-perm in lifecycle true
325 verbose lifecycle fibers@1.0.15~install: PATH: C:\Users\KTJC\AppData\Roaming\npm\node_modules\npm\bin\node-gyp-bin;D:\Dropbox\ISU Stuff\chat-example\node_modules\fibers\node_modules\.bin;D:\Dropbox\ISU Stuff\chat-example\node_modules\.bin;C:\Windows\system32;C:\Windows;C:\Windows\System32\Wbem;C:\Windows\System32\WindowsPowerShell\v1.0\;C:\Program Files (x86)\Skype\Phone\;D:\Program Files\nodejs\;D:\Program Files (x86)\Livestreamer;D:\Program Files\Git\cmd;C:\Program Files (x86)\NVIDIA Corporation\PhysX\Common;C:\Users\KTJC\AppData\Roaming\npm;D:\Program Files\Heroku\bin
326 verbose lifecycle fibers@1.0.15~install: CWD: D:\Dropbox\ISU Stuff\chat-example\node_modules\fibers
327 silly lifecycle fibers@1.0.15~install: Args: [ '/d /s /c', 'node build.js || nodejs build.js' ]
328 silly lifecycle fibers@1.0.15~install: Returned: code: 1  signal: null
329 info lifecycle fibers@1.0.15~install: Failed to exec install script
330 verbose unlock done using C:\Users\KTJC\AppData\Roaming\npm-cache\_locks\staging-0c6890618b212caf.lock for D:\Dropbox\ISU Stuff\chat-example\node_modules\.staging
331 silly rollbackFailedOptional Starting
332 silly gentlyRm D:\Dropbox\ISU Stuff\chat-example\node_modules\fibers is being purged from base D:\Dropbox\ISU Stuff\chat-example
333 verbose gentlyRm don't care about contents; nuking D:\Dropbox\ISU Stuff\chat-example\node_modules\fibers
334 silly gentlyRm D:\Dropbox\ISU Stuff\chat-example\node_modules\fibers is being purged from base D:\Dropbox\ISU Stuff\chat-example
335 verbose gentlyRm don't care about contents; nuking D:\Dropbox\ISU Stuff\chat-example\node_modules\fibers
336 silly gentlyRm D:\Dropbox\ISU Stuff\chat-example\node_modules\fibers is being purged from base D:\Dropbox\ISU Stuff\chat-example
337 verbose gentlyRm don't care about contents; nuking D:\Dropbox\ISU Stuff\chat-example\node_modules\fibers
338 silly gentlyRm D:\Dropbox\ISU Stuff\chat-example\node_modules\fibers is being purged from base D:\Dropbox\ISU Stuff\chat-example
339 verbose gentlyRm don't care about contents; nuking D:\Dropbox\ISU Stuff\chat-example\node_modules\fibers
340 silly gentlyRm D:\Dropbox\ISU Stuff\chat-example\node_modules\fibers is being purged from base D:\Dropbox\ISU Stuff\chat-example
341 verbose gentlyRm don't care about contents; nuking D:\Dropbox\ISU Stuff\chat-example\node_modules\fibers
342 silly gentlyRm D:\Dropbox\ISU Stuff\chat-example\node_modules\fibers is being purged from base D:\Dropbox\ISU Stuff\chat-example
343 verbose gentlyRm don't care about contents; nuking D:\Dropbox\ISU Stuff\chat-example\node_modules\fibers
344 silly gentlyRm D:\Dropbox\ISU Stuff\chat-example\node_modules\fibers is being purged from base D:\Dropbox\ISU Stuff\chat-example
345 verbose gentlyRm don't care about contents; nuking D:\Dropbox\ISU Stuff\chat-example\node_modules\fibers
346 silly gentlyRm D:\Dropbox\ISU Stuff\chat-example\node_modules\fibers is being purged from base D:\Dropbox\ISU Stuff\chat-example
347 verbose gentlyRm don't care about contents; nuking D:\Dropbox\ISU Stuff\chat-example\node_modules\fibers
348 silly gentlyRm D:\Dropbox\ISU Stuff\chat-example\node_modules\synchronize is being purged from base D:\Dropbox\ISU Stuff\chat-example
349 verbose gentlyRm don't care about contents; nuking D:\Dropbox\ISU Stuff\chat-example\node_modules\synchronize
350 silly gentlyRm D:\Dropbox\ISU Stuff\chat-example\node_modules\synchronize is being purged from base D:\Dropbox\ISU Stuff\chat-example
351 verbose gentlyRm don't care about contents; nuking D:\Dropbox\ISU Stuff\chat-example\node_modules\synchronize
352 silly gentlyRm D:\Dropbox\ISU Stuff\chat-example\node_modules\synchronize is being purged from base D:\Dropbox\ISU Stuff\chat-example
353 verbose gentlyRm don't care about contents; nuking D:\Dropbox\ISU Stuff\chat-example\node_modules\synchronize
354 silly gentlyRm D:\Dropbox\ISU Stuff\chat-example\node_modules\synchronize is being purged from base D:\Dropbox\ISU Stuff\chat-example
355 verbose gentlyRm don't care about contents; nuking D:\Dropbox\ISU Stuff\chat-example\node_modules\synchronize
356 silly gentlyRm D:\Dropbox\ISU Stuff\chat-example\node_modules\synchronize is being purged from base D:\Dropbox\ISU Stuff\chat-example
357 verbose gentlyRm don't care about contents; nuking D:\Dropbox\ISU Stuff\chat-example\node_modules\synchronize
358 silly gentlyRm D:\Dropbox\ISU Stuff\chat-example\node_modules\synchronize is being purged from base D:\Dropbox\ISU Stuff\chat-example
359 verbose gentlyRm don't care about contents; nuking D:\Dropbox\ISU Stuff\chat-example\node_modules\synchronize
360 silly gentlyRm D:\Dropbox\ISU Stuff\chat-example\node_modules\synchronize is being purged from base D:\Dropbox\ISU Stuff\chat-example
361 verbose gentlyRm don't care about contents; nuking D:\Dropbox\ISU Stuff\chat-example\node_modules\synchronize
362 silly gentlyRm D:\Dropbox\ISU Stuff\chat-example\node_modules\synchronize is being purged from base D:\Dropbox\ISU Stuff\chat-example
363 verbose gentlyRm don't care about contents; nuking D:\Dropbox\ISU Stuff\chat-example\node_modules\synchronize
364 silly vacuum-fs purging D:\Dropbox\ISU Stuff\chat-example\node_modules\fibers
365 silly vacuum-fs purging D:\Dropbox\ISU Stuff\chat-example\node_modules\fibers
366 silly vacuum-fs purging D:\Dropbox\ISU Stuff\chat-example\node_modules\fibers
367 silly vacuum-fs purging D:\Dropbox\ISU Stuff\chat-example\node_modules\fibers
368 silly vacuum-fs purging D:\Dropbox\ISU Stuff\chat-example\node_modules\fibers
369 silly vacuum-fs purging D:\Dropbox\ISU Stuff\chat-example\node_modules\fibers
370 silly vacuum-fs purging D:\Dropbox\ISU Stuff\chat-example\node_modules\fibers
371 silly vacuum-fs purging D:\Dropbox\ISU Stuff\chat-example\node_modules\fibers
372 silly vacuum-fs purging D:\Dropbox\ISU Stuff\chat-example\node_modules\synchronize
373 silly vacuum-fs purging D:\Dropbox\ISU Stuff\chat-example\node_modules\synchronize
374 silly vacuum-fs purging D:\Dropbox\ISU Stuff\chat-example\node_modules\synchronize
375 silly vacuum-fs purging D:\Dropbox\ISU Stuff\chat-example\node_modules\synchronize
376 silly vacuum-fs purging D:\Dropbox\ISU Stuff\chat-example\node_modules\synchronize
377 silly vacuum-fs purging D:\Dropbox\ISU Stuff\chat-example\node_modules\synchronize
378 silly vacuum-fs purging D:\Dropbox\ISU Stuff\chat-example\node_modules\synchronize
379 silly vacuum-fs purging D:\Dropbox\ISU Stuff\chat-example\node_modules\synchronize
380 silly vacuum-fs quitting because other entries in D:\Dropbox\ISU Stuff\chat-example\node_modules
381 silly vacuum-fs quitting because other entries in D:\Dropbox\ISU Stuff\chat-example\node_modules
382 silly vacuum-fs quitting because other entries in D:\Dropbox\ISU Stuff\chat-example\node_modules
383 silly vacuum-fs quitting because other entries in D:\Dropbox\ISU Stuff\chat-example\node_modules
384 silly vacuum-fs quitting because other entries in D:\Dropbox\ISU Stuff\chat-example\node_modules
385 silly vacuum-fs quitting because other entries in D:\Dropbox\ISU Stuff\chat-example\node_modules
386 silly vacuum-fs quitting because other entries in D:\Dropbox\ISU Stuff\chat-example\node_modules
387 silly vacuum-fs quitting because other entries in D:\Dropbox\ISU Stuff\chat-example\node_modules
388 silly vacuum-fs quitting because other entries in D:\Dropbox\ISU Stuff\chat-example\node_modules
389 silly vacuum-fs quitting because other entries in D:\Dropbox\ISU Stuff\chat-example\node_modules
390 silly vacuum-fs quitting because other entries in D:\Dropbox\ISU Stuff\chat-example\node_modules
391 silly vacuum-fs quitting because other entries in D:\Dropbox\ISU Stuff\chat-example\node_modules
392 silly vacuum-fs quitting because other entries in D:\Dropbox\ISU Stuff\chat-example\node_modules
393 silly vacuum-fs quitting because other entries in D:\Dropbox\ISU Stuff\chat-example\node_modules
394 silly vacuum-fs quitting because other entries in D:\Dropbox\ISU Stuff\chat-example\node_modules
395 silly vacuum-fs quitting because other entries in D:\Dropbox\ISU Stuff\chat-example\node_modules
396 silly rollbackFailedOptional Finishing
397 silly runTopLevelLifecycles Finishing
398 silly install printInstalled
399 verbose stack Error: fibers@1.0.15 install: `node build.js || nodejs build.js`
399 verbose stack Exit status 1
399 verbose stack     at EventEmitter.<anonymous> (C:\Users\KTJC\AppData\Roaming\npm\node_modules\npm\lib\utils\lifecycle.js:279:16)
399 verbose stack     at emitTwo (events.js:106:13)
399 verbose stack     at EventEmitter.emit (events.js:191:7)
399 verbose stack     at ChildProcess.<anonymous> (C:\Users\KTJC\AppData\Roaming\npm\node_modules\npm\lib\utils\spawn.js:40:14)
399 verbose stack     at emitTwo (events.js:106:13)
399 verbose stack     at ChildProcess.emit (events.js:191:7)
399 verbose stack     at maybeClose (internal/child_process.js:885:16)
399 verbose stack     at Process.ChildProcess._handle.onexit (internal/child_process.js:226:5)
400 verbose pkgid fibers@1.0.15
401 verbose cwd D:\Dropbox\ISU Stuff\chat-example
402 error Windows_NT 10.0.10586
403 error argv "D:\\Program Files\\nodejs\\node.exe" "C:\\Users\\KTJC\\AppData\\Roaming\\npm\\node_modules\\npm\\bin\\npm-cli.js" "install" "synchronize"
404 error node v7.1.0
405 error npm  v4.0.5
406 error code ELIFECYCLE
407 error fibers@1.0.15 install: `node build.js || nodejs build.js`
407 error Exit status 1
408 error Failed at the fibers@1.0.15 install script 'node build.js || nodejs build.js'.
408 error Make sure you have the latest version of node.js and npm installed.
408 error If you do, this is most likely a problem with the fibers package,
408 error not with npm itself.
408 error Tell the author that this fails on your system:
408 error     node build.js || nodejs build.js
408 error You can get information on how to open an issue for this project with:
408 error     npm bugs fibers
408 error Or if that isn't available, you can get their info via:
408 error     npm owner ls fibers
408 error There is likely additional logging output above.
409 verbose exit [ 1, true ]
